<?xml version="1.0" encoding="UTF-8"?>
<!-- Generated by org.testng.reporters.JUnitXMLReporter -->
<testsuite ignored="0" hostname="LAP-0301" failures="3" tests="15" name="Test" time="861.562" errors="0" timestamp="2023-12-06T16:24:58 IST">
  <testcase classname="com.dentscribe.testCases.DS_011_012_021_FreeTrialAndLogoutTest" name="signupUserTest" time="420.13">
    <failure type="java.lang.AssertionError" message="null">
      <![CDATA[java.lang.AssertionError: null
at com.dentscribe.testCases.DS_011_012_021_FreeTrialAndLogoutTest.signupUserTest(DS_011_012_021_FreeTrialAndLogoutTest.java:86)
at java.base/java.util.ArrayList.forEach(ArrayList.java:1511)
... Removed 29 stack frames]]>
    </failure>
  </testcase> <!-- signupUserTest -->
  <testcase classname="com.dentscribe.testCases.DS_011_012_021_FreeTrialAndLogoutTest" name="verifyIsAddPaymentPageExists" time="0.0">
    <skipped/>
  </testcase> <!-- verifyIsAddPaymentPageExists -->
  <testcase classname="com.dentscribe.testCases.DS_011_012_021_FreeTrialAndLogoutTest" name="verifyPaymentMethodMandatoryFields" time="0.0">
    <skipped/>
  </testcase> <!-- verifyPaymentMethodMandatoryFields -->
  <testcase classname="com.dentscribe.testCases.DS_011_012_021_FreeTrialAndLogoutTest" name="verifyPaymentMethodWithInvalidCardDetails" time="0.0">
    <skipped/>
  </testcase> <!-- verifyPaymentMethodWithInvalidCardDetails -->
  <testcase classname="com.dentscribe.testCases.DS_011_012_021_FreeTrialAndLogoutTest" name="verifyBackIconAddPaymentMethodPage" time="0.0">
    <skipped/>
  </testcase> <!-- verifyBackIconAddPaymentMethodPage -->
  <testcase classname="com.dentscribe.testCases.DS_011_012_021_FreeTrialAndLogoutTest" name="verifyUserCanTake30DaysFreeTrialPlan" time="0.0">
    <skipped/>
  </testcase> <!-- verifyUserCanTake30DaysFreeTrialPlan -->
  <testcase classname="com.dentscribe.testCases.DS_011_012_021_FreeTrialAndLogoutTest" name="verifyUserCanBuyPaidPlan" time="0.0">
    <skipped/>
  </testcase> <!-- verifyUserCanBuyPaidPlan -->
  <testcase classname="com.dentscribe.testCases.DS_011_012_021_FreeTrialAndLogoutTest" name="verifyLogout" time="5.11">
    <failure type="org.openqa.selenium.NoSuchElementException" message="An element could not be located on the page using the given search parameters.
For documentation on this error, please visit: https://www.selenium.dev/documentation/webdriver/troubleshooting/errors#no-such-element-exception
Build info: version: &amp;apos;4.13.0&amp;apos;, revision: &amp;apos;ba948ece5b*&amp;apos;
System info: os.name: &amp;apos;Windows 11&amp;apos;, os.arch: &amp;apos;amd64&amp;apos;, os.version: &amp;apos;10.0&amp;apos;, java.version: &amp;apos;17.0.4.1&amp;apos;
Driver info: io.appium.java_client.android.AndroidDriver
Command: [2ea57802-f266-4e16-bba2-d96a43605ea8, findElement {using=xpath, value=//android.widget.TextView[@text=&amp;apos;Log Out&amp;apos;]}]
Capabilities {appium:appActivity: com.dentscribe.dev.MainActi..., appium:appPackage: com.dentscribe.dev, appium:automationName: UIAutomator2, appium:databaseEnabled: false, appium:desired: {appActivity: com.dentscribe.dev.MainActi..., appPackage: com.dentscribe.dev, automationName: UIAutomator2, deviceName: 47544c4538573398, platformName: ANDROID}, appium:deviceApiLevel: 29, appium:deviceManufacturer: samsung, appium:deviceModel: SM-G960U, appium:deviceName: 47544c4538573398, appium:deviceScreenDensity: 450, appium:deviceScreenSize: 1080x2220, appium:deviceUDID: 47544c4538573398, appium:javascriptEnabled: true, appium:locationContextEnabled: false, appium:networkConnectionEnabled: true, appium:pixelRatio: 2.8125, appium:platformVersion: 10, appium:statBarHeight: 68, appium:takesScreenshot: true, appium:viewportRect: {height: 2017, left: 0, top: 68, width: 1080}, appium:warnings: {}, appium:webStorageEnabled: false, platformName: ANDROID}
Session ID: 2ea57802-f266-4e16-bba2-d96a43605ea8">
      <![CDATA[org.openqa.selenium.NoSuchElementException: An element could not be located on the page using the given search parameters.
For documentation on this error, please visit: https://www.selenium.dev/documentation/webdriver/troubleshooting/errors#no-such-element-exception
Build info: version: '4.13.0', revision: 'ba948ece5b*'
System info: os.name: 'Windows 11', os.arch: 'amd64', os.version: '10.0', java.version: '17.0.4.1'
Driver info: io.appium.java_client.android.AndroidDriver
Command: [2ea57802-f266-4e16-bba2-d96a43605ea8, findElement {using=xpath, value=//android.widget.TextView[@text='Log Out']}]
Capabilities {appium:appActivity: com.dentscribe.dev.MainActi..., appium:appPackage: com.dentscribe.dev, appium:automationName: UIAutomator2, appium:databaseEnabled: false, appium:desired: {appActivity: com.dentscribe.dev.MainActi..., appPackage: com.dentscribe.dev, automationName: UIAutomator2, deviceName: 47544c4538573398, platformName: ANDROID}, appium:deviceApiLevel: 29, appium:deviceManufacturer: samsung, appium:deviceModel: SM-G960U, appium:deviceName: 47544c4538573398, appium:deviceScreenDensity: 450, appium:deviceScreenSize: 1080x2220, appium:deviceUDID: 47544c4538573398, appium:javascriptEnabled: true, appium:locationContextEnabled: false, appium:networkConnectionEnabled: true, appium:pixelRatio: 2.8125, appium:platformVersion: 10, appium:statBarHeight: 68, appium:takesScreenshot: true, appium:viewportRect: {height: 2017, left: 0, top: 68, width: 1080}, appium:warnings: {}, appium:webStorageEnabled: false, platformName: ANDROID}
Session ID: 2ea57802-f266-4e16-bba2-d96a43605ea8
at org.openqa.selenium.remote.codec.w3c.W3CHttpResponseCodec.createException(W3CHttpResponseCodec.java:200)
at org.openqa.selenium.remote.codec.w3c.W3CHttpResponseCodec.decode(W3CHttpResponseCodec.java:133)
at org.openqa.selenium.remote.codec.w3c.W3CHttpResponseCodec.decode(W3CHttpResponseCodec.java:52)
at org.openqa.selenium.remote.HttpCommandExecutor.execute(HttpCommandExecutor.java:191)
at io.appium.java_client.remote.AppiumCommandExecutor.execute(AppiumCommandExecutor.java:250)
at org.openqa.selenium.remote.RemoteWebDriver.execute(RemoteWebDriver.java:602)
at org.openqa.selenium.remote.ElementLocation$ElementFinder$2.findElement(ElementLocation.java:165)
at org.openqa.selenium.remote.ElementLocation.findElement(ElementLocation.java:59)
at org.openqa.selenium.remote.RemoteWebDriver.findElement(RemoteWebDriver.java:359)
at org.openqa.selenium.remote.RemoteWebDriver.findElement(RemoteWebDriver.java:353)
at com.dentscribe.common.CommonMethods.click(CommonMethods.java:87)
at com.dentscribe.testCases.DS_011_012_021_FreeTrialAndLogoutTest.verifyLogout(DS_011_012_021_FreeTrialAndLogoutTest.java:167)
at java.base/java.util.ArrayList.forEach(ArrayList.java:1511)
... Removed 31 stack frames]]>
    </failure>
  </testcase> <!-- verifyLogout -->
  <testcase classname="com.dentscribe.testCases.DS_006_009_010_013_014_015_PracticeInfoTestForExistingSikkaUser" name="signupUserTest" time="83.005"/>
  <testcase classname="com.dentscribe.testCases.DS_006_009_010_013_014_015_PracticeInfoTestForExistingSikkaUser" name="practiceInfoTest" time="76.115"/>
  <testcase classname="com.dentscribe.testCases.DS_006_009_010_013_014_015_PracticeInfoTestForExistingSikkaUser" name="verifyWebviewAndRegisterUser" time="182.917"/>
  <testcase classname="com.dentscribe.testCases.DS_006_009_010_013_014_015_PracticeInfoTestForExistingSikkaUser" name="verifyLoginAcceptEulaAgreement" time="44.296">
    <failure type="java.lang.AssertionError" message="null">
      <![CDATA[java.lang.AssertionError: null
at com.dentscribe.testCases.DS_006_009_010_013_014_015_PracticeInfoTestForExistingSikkaUser.verifyLoginAcceptEulaAgreement(DS_006_009_010_013_014_015_PracticeInfoTestForExistingSikkaUser.java:106)
at java.base/java.util.ArrayList.forEach(ArrayList.java:1511)
... Removed 29 stack frames]]>
    </failure>
  </testcase> <!-- verifyLoginAcceptEulaAgreement -->
  <testcase classname="com.dentscribe.testCases.DS_006_009_010_013_014_015_PracticeInfoTestForExistingSikkaUser" name="verifyUserCanBuyPaidPlan" time="0.0">
    <skipped/>
  </testcase> <!-- verifyUserCanBuyPaidPlan -->
  <testcase classname="com.dentscribe.testCases.DS_006_009_010_013_014_015_PracticeInfoTestForExistingSikkaUser" name="verifyUserCanCancelSubscription" time="0.0">
    <skipped/>
  </testcase> <!-- verifyUserCanCancelSubscription -->
  <testcase classname="com.dentscribe.testCases.DS_006_009_010_013_014_015_PracticeInfoTestForExistingSikkaUser" name="verifyUserCarBuyPaidPlanAfterCancelOnce" time="0.0">
    <skipped/>
  </testcase> <!-- verifyUserCarBuyPaidPlanAfterCancelOnce -->
</testsuite> <!-- Test -->
