<?xml version="1.0" encoding="UTF-8"?>
<!-- Generated by org.testng.reporters.JUnitReportReporter -->
<testsuite hostname="LAP-0301" failures="0" tests="6" name="com.dentscribe.testCases.TestCreateUserTakeFreePlanAndBuyPaidPlan" time="385.455" errors="1" timestamp="2023-12-20T20:01:31 IST" skipped="3">
  <testcase classname="com.dentscribe.testCases.TestCreateUserTakeFreePlanAndBuyPaidPlan" name="createNewUserAndGoToManageSubscriptionPage" time="342.159"/>
  <system-out/>
  <testcase classname="com.dentscribe.testCases.TestCreateUserTakeFreePlanAndBuyPaidPlan" name="verifyIsAddPaymentMethodPageExists" time="3.771"/>
  <system-out/>
  <testcase classname="com.dentscribe.testCases.TestCreateUserTakeFreePlanAndBuyPaidPlan" name="verifyAddPaymentMethodMandatoryFields" time="39.525">
    <error message="org.eclipse.wst.xml.xpath2.processor.XPathParserException: CUP parser error: Parser error: line 1 col 44: s
For documentation on this error, please visit: https://www.selenium.dev/documentation/webdriver/troubleshooting/errors#invalid-selector-exception
Build info: version: &#039;4.13.0&#039;, revision: &#039;ba948ece5b*&#039;
System info: os.name: &#039;Windows 11&#039;, os.arch: &#039;amd64&#039;, os.version: &#039;10.0&#039;, java.version: &#039;17.0.4.1&#039;
Driver info: io.appium.java_client.android.AndroidDriver
Command: [61367c27-73ed-4086-9ee1-118ab774b74f, findElement {using=xpath, value=//android.widget.TextView[@text=&#039;Your card&#039;s expiration year is invalid.&#039;]}]
Capabilities {appium:appActivity: com.dentscribe.dev.MainActi..., appium:appPackage: com.dentscribe.dev, appium:automationName: UIAutomator2, appium:databaseEnabled: false, appium:desired: {appActivity: com.dentscribe.dev.MainActi..., appPackage: com.dentscribe.dev, automationName: UIAutomator2, deviceName: 47544c4538573398, platformName: ANDROID}, appium:deviceApiLevel: 29, appium:deviceManufacturer: samsung, appium:deviceModel: SM-G960U, appium:deviceName: 47544c4538573398, appium:deviceScreenDensity: 450, appium:deviceScreenSize: 1080x2220, appium:deviceUDID: 47544c4538573398, appium:javascriptEnabled: true, appium:locationContextEnabled: false, appium:networkConnectionEnabled: true, appium:pixelRatio: 2.8125, appium:platformVersion: 10, appium:statBarHeight: 68, appium:takesScreenshot: true, appium:viewportRect: {height: 2017, left: 0, top: 68, width: 1080}, appium:warnings: {}, appium:webStorageEnabled: false, platformName: ANDROID}
Session ID: 61367c27-73ed-4086-9ee1-118ab774b74f" type="org.openqa.selenium.InvalidSelectorException">
      <![CDATA[org.openqa.selenium.InvalidSelectorException: org.eclipse.wst.xml.xpath2.processor.XPathParserException: CUP parser error: Parser error: line 1 col 44: s
For documentation on this error, please visit: https://www.selenium.dev/documentation/webdriver/troubleshooting/errors#invalid-selector-exception
Build info: version: '4.13.0', revision: 'ba948ece5b*'
System info: os.name: 'Windows 11', os.arch: 'amd64', os.version: '10.0', java.version: '17.0.4.1'
Driver info: io.appium.java_client.android.AndroidDriver
Command: [61367c27-73ed-4086-9ee1-118ab774b74f, findElement {using=xpath, value=//android.widget.TextView[@text='Your card's expiration year is invalid.']}]
Capabilities {appium:appActivity: com.dentscribe.dev.MainActi..., appium:appPackage: com.dentscribe.dev, appium:automationName: UIAutomator2, appium:databaseEnabled: false, appium:desired: {appActivity: com.dentscribe.dev.MainActi..., appPackage: com.dentscribe.dev, automationName: UIAutomator2, deviceName: 47544c4538573398, platformName: ANDROID}, appium:deviceApiLevel: 29, appium:deviceManufacturer: samsung, appium:deviceModel: SM-G960U, appium:deviceName: 47544c4538573398, appium:deviceScreenDensity: 450, appium:deviceScreenSize: 1080x2220, appium:deviceUDID: 47544c4538573398, appium:javascriptEnabled: true, appium:locationContextEnabled: false, appium:networkConnectionEnabled: true, appium:pixelRatio: 2.8125, appium:platformVersion: 10, appium:statBarHeight: 68, appium:takesScreenshot: true, appium:viewportRect: {height: 2017, left: 0, top: 68, width: 1080}, appium:warnings: {}, appium:webStorageEnabled: false, platformName: ANDROID}
Session ID: 61367c27-73ed-4086-9ee1-118ab774b74f
at java.base/jdk.internal.reflect.NativeConstructorAccessorImpl.newInstance0(Native Method)
at java.base/jdk.internal.reflect.NativeConstructorAccessorImpl.newInstance(NativeConstructorAccessorImpl.java:77)
at java.base/jdk.internal.reflect.DelegatingConstructorAccessorImpl.newInstance(DelegatingConstructorAccessorImpl.java:45)
at java.base/java.lang.reflect.Constructor.newInstanceWithCaller(Constructor.java:499)
at java.base/java.lang.reflect.Constructor.newInstance(Constructor.java:480)
at org.openqa.selenium.remote.codec.w3c.W3CHttpResponseCodec.createException(W3CHttpResponseCodec.java:200)
at org.openqa.selenium.remote.codec.w3c.W3CHttpResponseCodec.decode(W3CHttpResponseCodec.java:133)
at org.openqa.selenium.remote.codec.w3c.W3CHttpResponseCodec.decode(W3CHttpResponseCodec.java:52)
at org.openqa.selenium.remote.HttpCommandExecutor.execute(HttpCommandExecutor.java:191)
at io.appium.java_client.remote.AppiumCommandExecutor.execute(AppiumCommandExecutor.java:250)
at org.openqa.selenium.remote.RemoteWebDriver.execute(RemoteWebDriver.java:602)
at org.openqa.selenium.remote.ElementLocation$ElementFinder$2.findElement(ElementLocation.java:165)
at org.openqa.selenium.remote.ElementLocation.findElement(ElementLocation.java:59)
at org.openqa.selenium.remote.RemoteWebDriver.findElement(RemoteWebDriver.java:359)
at org.openqa.selenium.remote.RemoteWebDriver.findElement(RemoteWebDriver.java:353)
at org.openqa.selenium.support.ui.ExpectedConditions$7.apply(ExpectedConditions.java:194)
at org.openqa.selenium.support.ui.ExpectedConditions$7.apply(ExpectedConditions.java:190)
at org.openqa.selenium.support.ui.FluentWait.until(FluentWait.java:205)
at com.dentscribe.common.CommonMethods.explicitWait(CommonMethods.java:129)
at com.dentscribe.testCases.TestCreateUserTakeFreePlanAndBuyPaidPlan.verifyAddPaymentMethodMandatoryFields(TestCreateUserTakeFreePlanAndBuyPaidPlan.java:121)
at java.base/jdk.internal.reflect.NativeMethodAccessorImpl.invoke0(Native Method)
at java.base/jdk.internal.reflect.NativeMethodAccessorImpl.invoke(NativeMethodAccessorImpl.java:77)
at java.base/jdk.internal.reflect.DelegatingMethodAccessorImpl.invoke(DelegatingMethodAccessorImpl.java:43)
at java.base/java.lang.reflect.Method.invoke(Method.java:568)
at org.testng.internal.MethodInvocationHelper.invokeMethod(MethodInvocationHelper.java:133)
at org.testng.internal.TestInvoker.invokeMethod(TestInvoker.java:598)
at org.testng.internal.TestInvoker.invokeTestMethod(TestInvoker.java:173)
at org.testng.internal.MethodRunner.runInSequence(MethodRunner.java:46)
at org.testng.internal.TestInvoker$MethodInvocationAgent.invoke(TestInvoker.java:824)
at org.testng.internal.TestInvoker.invokeTestMethods(TestInvoker.java:146)
at org.testng.internal.TestMethodWorker.invokeTestMethods(TestMethodWorker.java:146)
at org.testng.internal.TestMethodWorker.run(TestMethodWorker.java:128)
at java.base/java.util.ArrayList.forEach(ArrayList.java:1511)
at org.testng.TestRunner.privateRun(TestRunner.java:794)
at org.testng.TestRunner.run(TestRunner.java:596)
at org.testng.SuiteRunner.runTest(SuiteRunner.java:377)
at org.testng.SuiteRunner.runSequentially(SuiteRunner.java:371)
at org.testng.SuiteRunner.privateRun(SuiteRunner.java:332)
at org.testng.SuiteRunner.run(SuiteRunner.java:276)
at org.testng.SuiteRunnerWorker.runSuite(SuiteRunnerWorker.java:53)
at org.testng.SuiteRunnerWorker.run(SuiteRunnerWorker.java:96)
at org.testng.TestNG.runSuitesSequentially(TestNG.java:1212)
at org.testng.TestNG.runSuitesLocally(TestNG.java:1134)
at org.testng.TestNG.runSuites(TestNG.java:1063)
at org.testng.TestNG.run(TestNG.java:1031)
at org.testng.remote.AbstractRemoteTestNG.run(AbstractRemoteTestNG.java:115)
at org.testng.remote.RemoteTestNG.initAndRun(RemoteTestNG.java:251)
at org.testng.remote.RemoteTestNG.main(RemoteTestNG.java:77)
]]>
    </error>
  </testcase> <!-- verifyAddPaymentMethodMandatoryFields -->
  <system-out/>
  <testcase classname="com.dentscribe.testCases.TestCreateUserTakeFreePlanAndBuyPaidPlan" name="verifyBackIconAddPaymentMethodPage" time="0.000">
    <skipped/>
  </testcase> <!-- verifyBackIconAddPaymentMethodPage -->
  <system-out/>
  <testcase classname="com.dentscribe.testCases.TestCreateUserTakeFreePlanAndBuyPaidPlan" name="verifyCanUserTake30DaysFreeTrialPlan" time="0.000">
    <skipped/>
  </testcase> <!-- verifyCanUserTake30DaysFreeTrialPlan -->
  <system-out/>
  <testcase classname="com.dentscribe.testCases.TestCreateUserTakeFreePlanAndBuyPaidPlan" name="verifyCanUserBuyPaidPlanAfterFreeTrialPlan" time="0.000">
    <skipped/>
  </testcase> <!-- verifyCanUserBuyPaidPlanAfterFreeTrialPlan -->
  <system-out/>
</testsuite> <!-- com.dentscribe.testCases.TestCreateUserTakeFreePlanAndBuyPaidPlan -->
