<?xml version="1.0" encoding="UTF-8"?>
<!-- Generated by org.testng.reporters.JUnitReportReporter -->
<testsuite hostname="LAP-0301" failures="1" tests="9" name="com.dentscribe.testCases.DS_017_018_SearchPatientAndProfileTest" time="148.668" errors="0" timestamp="2023-12-06T14:31:12 IST" skipped="0">
  <testcase classname="com.dentscribe.testCases.DS_017_018_SearchPatientAndProfileTest" name="verifyIsSearchPatientExists" time="51.737"/>
  <system-out/>
  <testcase classname="com.dentscribe.testCases.DS_017_018_SearchPatientAndProfileTest" name="verifyResultResponseIfSearchedValueNotFound" time="11.576"/>
  <system-out/>
  <testcase classname="com.dentscribe.testCases.DS_017_018_SearchPatientAndProfileTest" name="verifySearchWithPatientName" time="14.001"/>
  <system-out/>
  <testcase classname="com.dentscribe.testCases.DS_017_018_SearchPatientAndProfileTest" name="verifySearchWithPatientPhoneNumber" time="13.760"/>
  <system-out/>
  <testcase classname="com.dentscribe.testCases.DS_017_018_SearchPatientAndProfileTest" name="verifySearchWithPatientDOB" time="13.205"/>
  <system-out/>
  <testcase classname="com.dentscribe.testCases.DS_017_018_SearchPatientAndProfileTest" name="verifySearchWithPatientInsuranceName" time="13.400">
    <failure message="expected [MetLife] but found [Metlife]" type="java.lang.AssertionError">
      <![CDATA[java.lang.AssertionError: expected [MetLife] but found [Metlife]
at org.testng.Assert.fail(Assert.java:99)
at org.testng.Assert.failNotEquals(Assert.java:1037)
at org.testng.Assert.assertEqualsImpl(Assert.java:140)
at org.testng.Assert.assertEquals(Assert.java:122)
at org.testng.Assert.assertEquals(Assert.java:629)
at org.testng.Assert.assertEquals(Assert.java:639)
at com.dentscribe.pages.PatientSearchPage.searchPatient(PatientSearchPage.java:132)
at com.dentscribe.testCases.DS_017_018_SearchPatientAndProfileTest.verifySearchWithPatientInsuranceName(DS_017_018_SearchPatientAndProfileTest.java:98)
at java.base/jdk.internal.reflect.NativeMethodAccessorImpl.invoke0(Native Method)
at java.base/jdk.internal.reflect.NativeMethodAccessorImpl.invoke(NativeMethodAccessorImpl.java:77)
at java.base/jdk.internal.reflect.DelegatingMethodAccessorImpl.invoke(DelegatingMethodAccessorImpl.java:43)
at java.base/java.lang.reflect.Method.invoke(Method.java:568)
at org.testng.internal.MethodInvocationHelper.invokeMethod(MethodInvocationHelper.java:133)
at org.testng.internal.TestInvoker.invokeMethod(TestInvoker.java:598)
at org.testng.internal.TestInvoker.invokeTestMethod(TestInvoker.java:173)
at org.testng.internal.MethodRunner.runInSequence(MethodRunner.java:46)
at org.testng.internal.TestInvoker$MethodInvocationAgent.invoke(TestInvoker.java:824)
at org.testng.internal.TestInvoker.invokeTestMethods(TestInvoker.java:146)
at org.testng.internal.TestMethodWorker.invokeTestMethods(TestMethodWorker.java:146)
at org.testng.internal.TestMethodWorker.run(TestMethodWorker.java:128)
at java.base/java.util.ArrayList.forEach(ArrayList.java:1511)
at org.testng.TestRunner.privateRun(TestRunner.java:794)
at org.testng.TestRunner.run(TestRunner.java:596)
at org.testng.SuiteRunner.runTest(SuiteRunner.java:377)
at org.testng.SuiteRunner.runSequentially(SuiteRunner.java:371)
at org.testng.SuiteRunner.privateRun(SuiteRunner.java:332)
at org.testng.SuiteRunner.run(SuiteRunner.java:276)
at org.testng.SuiteRunnerWorker.runSuite(SuiteRunnerWorker.java:53)
at org.testng.SuiteRunnerWorker.run(SuiteRunnerWorker.java:96)
at org.testng.TestNG.runSuitesSequentially(TestNG.java:1212)
at org.testng.TestNG.runSuitesLocally(TestNG.java:1134)
at org.testng.TestNG.runSuites(TestNG.java:1063)
at org.testng.TestNG.run(TestNG.java:1031)
at org.testng.remote.AbstractRemoteTestNG.run(AbstractRemoteTestNG.java:115)
at org.testng.remote.RemoteTestNG.initAndRun(RemoteTestNG.java:251)
at org.testng.remote.RemoteTestNG.main(RemoteTestNG.java:77)
]]>
    </failure>
  </testcase> <!-- verifySearchWithPatientInsuranceName -->
  <system-out/>
  <testcase classname="com.dentscribe.testCases.DS_017_018_SearchPatientAndProfileTest" name="verifyPatientProfilePage" time="25.500"/>
  <system-out/>
  <testcase classname="com.dentscribe.testCases.DS_017_018_SearchPatientAndProfileTest" name="verifyPatientProfilePageBackIcon" time="0.593"/>
  <system-out/>
  <testcase classname="com.dentscribe.testCases.DS_017_018_SearchPatientAndProfileTest" name="verifySearchPatientPageBackIcon" time="4.896"/>
  <system-out/>
</testsuite> <!-- com.dentscribe.testCases.DS_017_018_SearchPatientAndProfileTest -->
