<?xml version="1.0" encoding="UTF-8"?>
<!-- Generated by org.testng.reporters.JUnitReportReporter -->
<testsuite hostname="LAP-0301" failures="1" tests="8" name="com.dentscribe.testCases.DS_011_012_021_FreeTrialAndLogoutTest" time="425.240" errors="1" timestamp="2023-12-06T16:24:59 IST" skipped="6">
  <testcase classname="com.dentscribe.testCases.DS_011_012_021_FreeTrialAndLogoutTest" name="signupUserTest" time="420.130">
    <failure message="null" type="java.lang.AssertionError">
      <![CDATA[java.lang.AssertionError: null
at org.testng.Assert.fail(Assert.java:99)
at org.testng.Assert.fail(Assert.java:106)
at com.dentscribe.testCases.DS_011_012_021_FreeTrialAndLogoutTest.signupUserTest(DS_011_012_021_FreeTrialAndLogoutTest.java:86)
at java.base/jdk.internal.reflect.NativeMethodAccessorImpl.invoke0(Native Method)
at java.base/jdk.internal.reflect.NativeMethodAccessorImpl.invoke(NativeMethodAccessorImpl.java:77)
at java.base/jdk.internal.reflect.DelegatingMethodAccessorImpl.invoke(DelegatingMethodAccessorImpl.java:43)
at java.base/java.lang.reflect.Method.invoke(Method.java:568)
at org.testng.internal.MethodInvocationHelper.invokeMethod(MethodInvocationHelper.java:133)
at org.testng.internal.TestInvoker.invokeMethod(TestInvoker.java:598)
at org.testng.internal.TestInvoker.invokeTestMethod(TestInvoker.java:173)
at org.testng.internal.MethodRunner.runInSequence(MethodRunner.java:46)
at org.testng.internal.TestInvoker$MethodInvocationAgent.invoke(TestInvoker.java:824)
at org.testng.internal.TestInvoker.invokeTestMethods(TestInvoker.java:146)
at org.testng.internal.TestMethodWorker.invokeTestMethods(TestMethodWorker.java:146)
at org.testng.internal.TestMethodWorker.run(TestMethodWorker.java:128)
at java.base/java.util.ArrayList.forEach(ArrayList.java:1511)
at org.testng.TestRunner.privateRun(TestRunner.java:794)
at org.testng.TestRunner.run(TestRunner.java:596)
at org.testng.SuiteRunner.runTest(SuiteRunner.java:377)
at org.testng.SuiteRunner.runSequentially(SuiteRunner.java:371)
at org.testng.SuiteRunner.privateRun(SuiteRunner.java:332)
at org.testng.SuiteRunner.run(SuiteRunner.java:276)
at org.testng.SuiteRunnerWorker.runSuite(SuiteRunnerWorker.java:53)
at org.testng.SuiteRunnerWorker.run(SuiteRunnerWorker.java:96)
at org.testng.TestNG.runSuitesSequentially(TestNG.java:1212)
at org.testng.TestNG.runSuitesLocally(TestNG.java:1134)
at org.testng.TestNG.runSuites(TestNG.java:1063)
at org.testng.TestNG.run(TestNG.java:1031)
at org.testng.remote.AbstractRemoteTestNG.run(AbstractRemoteTestNG.java:115)
at org.testng.remote.RemoteTestNG.initAndRun(RemoteTestNG.java:251)
at org.testng.remote.RemoteTestNG.main(RemoteTestNG.java:77)
]]>
    </failure>
  </testcase> <!-- signupUserTest -->
  <system-out/>
  <testcase classname="com.dentscribe.testCases.DS_011_012_021_FreeTrialAndLogoutTest" name="verifyIsAddPaymentPageExists" time="0.000">
    <skipped/>
  </testcase> <!-- verifyIsAddPaymentPageExists -->
  <system-out/>
  <testcase classname="com.dentscribe.testCases.DS_011_012_021_FreeTrialAndLogoutTest" name="verifyPaymentMethodMandatoryFields" time="0.000">
    <skipped/>
  </testcase> <!-- verifyPaymentMethodMandatoryFields -->
  <system-out/>
  <testcase classname="com.dentscribe.testCases.DS_011_012_021_FreeTrialAndLogoutTest" name="verifyPaymentMethodWithInvalidCardDetails" time="0.000">
    <skipped/>
  </testcase> <!-- verifyPaymentMethodWithInvalidCardDetails -->
  <system-out/>
  <testcase classname="com.dentscribe.testCases.DS_011_012_021_FreeTrialAndLogoutTest" name="verifyBackIconAddPaymentMethodPage" time="0.000">
    <skipped/>
  </testcase> <!-- verifyBackIconAddPaymentMethodPage -->
  <system-out/>
  <testcase classname="com.dentscribe.testCases.DS_011_012_021_FreeTrialAndLogoutTest" name="verifyUserCanTake30DaysFreeTrialPlan" time="0.000">
    <skipped/>
  </testcase> <!-- verifyUserCanTake30DaysFreeTrialPlan -->
  <system-out/>
  <testcase classname="com.dentscribe.testCases.DS_011_012_021_FreeTrialAndLogoutTest" name="verifyUserCanBuyPaidPlan" time="0.000">
    <skipped/>
  </testcase> <!-- verifyUserCanBuyPaidPlan -->
  <system-out/>
  <testcase classname="com.dentscribe.testCases.DS_011_012_021_FreeTrialAndLogoutTest" name="verifyLogout" time="5.110">
    <error message="An element could not be located on the page using the given search parameters.
For documentation on this error, please visit: https://www.selenium.dev/documentation/webdriver/troubleshooting/errors#no-such-element-exception
Build info: version: &#039;4.13.0&#039;, revision: &#039;ba948ece5b*&#039;
System info: os.name: &#039;Windows 11&#039;, os.arch: &#039;amd64&#039;, os.version: &#039;10.0&#039;, java.version: &#039;17.0.4.1&#039;
Driver info: io.appium.java_client.android.AndroidDriver
Command: [2ea57802-f266-4e16-bba2-d96a43605ea8, findElement {using=xpath, value=//android.widget.TextView[@text=&#039;Log Out&#039;]}]
Capabilities {appium:appActivity: com.dentscribe.dev.MainActi..., appium:appPackage: com.dentscribe.dev, appium:automationName: UIAutomator2, appium:databaseEnabled: false, appium:desired: {appActivity: com.dentscribe.dev.MainActi..., appPackage: com.dentscribe.dev, automationName: UIAutomator2, deviceName: 47544c4538573398, platformName: ANDROID}, appium:deviceApiLevel: 29, appium:deviceManufacturer: samsung, appium:deviceModel: SM-G960U, appium:deviceName: 47544c4538573398, appium:deviceScreenDensity: 450, appium:deviceScreenSize: 1080x2220, appium:deviceUDID: 47544c4538573398, appium:javascriptEnabled: true, appium:locationContextEnabled: false, appium:networkConnectionEnabled: true, appium:pixelRatio: 2.8125, appium:platformVersion: 10, appium:statBarHeight: 68, appium:takesScreenshot: true, appium:viewportRect: {height: 2017, left: 0, top: 68, width: 1080}, appium:warnings: {}, appium:webStorageEnabled: false, platformName: ANDROID}
Session ID: 2ea57802-f266-4e16-bba2-d96a43605ea8" type="org.openqa.selenium.NoSuchElementException">
      <![CDATA[org.openqa.selenium.NoSuchElementException: An element could not be located on the page using the given search parameters.
For documentation on this error, please visit: https://www.selenium.dev/documentation/webdriver/troubleshooting/errors#no-such-element-exception
Build info: version: '4.13.0', revision: 'ba948ece5b*'
System info: os.name: 'Windows 11', os.arch: 'amd64', os.version: '10.0', java.version: '17.0.4.1'
Driver info: io.appium.java_client.android.AndroidDriver
Command: [2ea57802-f266-4e16-bba2-d96a43605ea8, findElement {using=xpath, value=//android.widget.TextView[@text='Log Out']}]
Capabilities {appium:appActivity: com.dentscribe.dev.MainActi..., appium:appPackage: com.dentscribe.dev, appium:automationName: UIAutomator2, appium:databaseEnabled: false, appium:desired: {appActivity: com.dentscribe.dev.MainActi..., appPackage: com.dentscribe.dev, automationName: UIAutomator2, deviceName: 47544c4538573398, platformName: ANDROID}, appium:deviceApiLevel: 29, appium:deviceManufacturer: samsung, appium:deviceModel: SM-G960U, appium:deviceName: 47544c4538573398, appium:deviceScreenDensity: 450, appium:deviceScreenSize: 1080x2220, appium:deviceUDID: 47544c4538573398, appium:javascriptEnabled: true, appium:locationContextEnabled: false, appium:networkConnectionEnabled: true, appium:pixelRatio: 2.8125, appium:platformVersion: 10, appium:statBarHeight: 68, appium:takesScreenshot: true, appium:viewportRect: {height: 2017, left: 0, top: 68, width: 1080}, appium:warnings: {}, appium:webStorageEnabled: false, platformName: ANDROID}
Session ID: 2ea57802-f266-4e16-bba2-d96a43605ea8
at jdk.internal.reflect.GeneratedConstructorAccessor21.newInstance(Unknown Source)
at java.base/jdk.internal.reflect.DelegatingConstructorAccessorImpl.newInstance(DelegatingConstructorAccessorImpl.java:45)
at java.base/java.lang.reflect.Constructor.newInstanceWithCaller(Constructor.java:499)
at java.base/java.lang.reflect.Constructor.newInstance(Constructor.java:480)
at org.openqa.selenium.remote.codec.w3c.W3CHttpResponseCodec.createException(W3CHttpResponseCodec.java:200)
at org.openqa.selenium.remote.codec.w3c.W3CHttpResponseCodec.decode(W3CHttpResponseCodec.java:133)
at org.openqa.selenium.remote.codec.w3c.W3CHttpResponseCodec.decode(W3CHttpResponseCodec.java:52)
at org.openqa.selenium.remote.HttpCommandExecutor.execute(HttpCommandExecutor.java:191)
at io.appium.java_client.remote.AppiumCommandExecutor.execute(AppiumCommandExecutor.java:250)
at org.openqa.selenium.remote.RemoteWebDriver.execute(RemoteWebDriver.java:602)
at org.openqa.selenium.remote.ElementLocation$ElementFinder$2.findElement(ElementLocation.java:165)
at org.openqa.selenium.remote.ElementLocation.findElement(ElementLocation.java:59)
at org.openqa.selenium.remote.RemoteWebDriver.findElement(RemoteWebDriver.java:359)
at org.openqa.selenium.remote.RemoteWebDriver.findElement(RemoteWebDriver.java:353)
at com.dentscribe.common.CommonMethods.click(CommonMethods.java:87)
at com.dentscribe.testCases.DS_011_012_021_FreeTrialAndLogoutTest.verifyLogout(DS_011_012_021_FreeTrialAndLogoutTest.java:167)
at java.base/jdk.internal.reflect.NativeMethodAccessorImpl.invoke0(Native Method)
at java.base/jdk.internal.reflect.NativeMethodAccessorImpl.invoke(NativeMethodAccessorImpl.java:77)
at java.base/jdk.internal.reflect.DelegatingMethodAccessorImpl.invoke(DelegatingMethodAccessorImpl.java:43)
at java.base/java.lang.reflect.Method.invoke(Method.java:568)
at org.testng.internal.MethodInvocationHelper.invokeMethod(MethodInvocationHelper.java:133)
at org.testng.internal.TestInvoker.invokeMethod(TestInvoker.java:598)
at org.testng.internal.TestInvoker.invokeTestMethod(TestInvoker.java:173)
at org.testng.internal.MethodRunner.runInSequence(MethodRunner.java:46)
at org.testng.internal.TestInvoker$MethodInvocationAgent.invoke(TestInvoker.java:824)
at org.testng.internal.TestInvoker.invokeTestMethods(TestInvoker.java:146)
at org.testng.internal.TestMethodWorker.invokeTestMethods(TestMethodWorker.java:146)
at org.testng.internal.TestMethodWorker.run(TestMethodWorker.java:128)
at java.base/java.util.ArrayList.forEach(ArrayList.java:1511)
at org.testng.TestRunner.privateRun(TestRunner.java:794)
at org.testng.TestRunner.run(TestRunner.java:596)
at org.testng.SuiteRunner.runTest(SuiteRunner.java:377)
at org.testng.SuiteRunner.runSequentially(SuiteRunner.java:371)
at org.testng.SuiteRunner.privateRun(SuiteRunner.java:332)
at org.testng.SuiteRunner.run(SuiteRunner.java:276)
at org.testng.SuiteRunnerWorker.runSuite(SuiteRunnerWorker.java:53)
at org.testng.SuiteRunnerWorker.run(SuiteRunnerWorker.java:96)
at org.testng.TestNG.runSuitesSequentially(TestNG.java:1212)
at org.testng.TestNG.runSuitesLocally(TestNG.java:1134)
at org.testng.TestNG.runSuites(TestNG.java:1063)
at org.testng.TestNG.run(TestNG.java:1031)
at org.testng.remote.AbstractRemoteTestNG.run(AbstractRemoteTestNG.java:115)
at org.testng.remote.RemoteTestNG.initAndRun(RemoteTestNG.java:251)
at org.testng.remote.RemoteTestNG.main(RemoteTestNG.java:77)
]]>
    </error>
  </testcase> <!-- verifyLogout -->
  <system-out/>
</testsuite> <!-- com.dentscribe.testCases.DS_011_012_021_FreeTrialAndLogoutTest -->
